<?xml version="1.0" encoding="UTF-8"?>
<testsuite name="CalculatorTest" tests="4" skipped="0" failures="0" errors="0" timestamp="2022-09-17T06:28:19" hostname="JAYDEN-LAPTOP" time="0.07">
  <properties/>
  <testcase name="subtraction()" classname="CalculatorTest" time="0.063"/>
  <testcase name="addition()" classname="CalculatorTest" time="0.001"/>
  <testcase name="division()" classname="CalculatorTest" time="0.002"/>
  <testcase name="multiplication()" classname="CalculatorTest" time="0.001"/>
  <system-out><![CDATA[]]></system-out>
  <system-err><![CDATA[]]></system-err>
</testsuite>
